<?xml version="1.0" encoding="UTF-8"?>
<testsuite xmlns:xsi="http://www.w3.org/2001/XMLSchema-instance" xsi:noNamespaceSchemaLocation="https://maven.apache.org/surefire/maven-surefire-plugin/xsd/surefire-test-report-3.0.xsd" version="3.0" name="com.eazybytes.loans.LoansApplicationTests" time="8.772" tests="1" errors="0" skipped="0" failures="0">
  <properties>
[...]
</properties>
  <testcase name="contextLoads" classname="com.eazybytes.loans.LoansApplicationTests" time="0.772">
    <system-out><![CDATA[19:57:36.313 [main] INFO org.springframework.test.context.support.AnnotationConfigContextLoaderUtils -- Could not detect default configuration classes for test class [com.eazybytes.loans.LoansApplicationTests]: LoansApplicationTests does not declare any static, non-private, non-final, nested classes annotated with @Configuration.
19:57:36.444 [main] INFO org.springframework.boot.test.context.SpringBootTestContextBootstrapper -- Found @SpringBootConfiguration com.eazybytes.loans.LoansApplication for test class com.eazybytes.loans.LoansApplicationTests
19:57:36.681 [main] INFO org.springframework.boot.devtools.restart.RestartApplicationListener -- Restart disabled due to context in which it is running

  .   ____          _            __ _ _
 /\\ / ___'_ __ _ _(_)_ __  __ _ \ \ \ \
( ( )\___ | '_ | '_| | '_ \/ _` | \ \ \ \
 \\/  ___)| |_)| | | | | || (_| |  ) ) ) )
  '  |____| .__|_| |_|_| |_\__, | / / / /
 =========|_|==============|___/=/_/_/_/

 :: Spring Boot ::                (v3.3.2)

2024-11-19T19:57:37.103-06:00  INFO 3772 --- [           main] c.eazybytes.loans.LoansApplicationTests  : Starting LoansApplicationTests using Java 21.0.3 with PID 3772 (started by xuzhi in C:\Projects\microservice\section4\loans)
2024-11-19T19:57:37.104-06:00  INFO 3772 --- [           main] c.eazybytes.loans.LoansApplicationTests  : No active profile set, falling back to 1 default profile: "default"
2024-11-19T19:57:38.775-06:00  INFO 3772 --- [           main] .s.d.r.c.RepositoryConfigurationDelegate : Bootstrapping Spring Data JPA repositories in DEFAULT mode.
2024-11-19T19:57:38.841-06:00  INFO 3772 --- [           main] .s.d.r.c.RepositoryConfigurationDelegate : Finished Spring Data repository scanning in 58 ms. Found 1 JPA repository interface.
2024-11-19T19:57:39.719-06:00  INFO 3772 --- [           main] com.zaxxer.hikari.HikariDataSource       : HikariPool-1 - Starting...
2024-11-19T19:57:39.974-06:00  INFO 3772 --- [           main] com.zaxxer.hikari.pool.HikariPool        : HikariPool-1 - Added connection conn0: url=jdbc:h2:mem:testdb user=SA
2024-11-19T19:57:39.976-06:00  INFO 3772 --- [           main] com.zaxxer.hikari.HikariDataSource       : HikariPool-1 - Start completed.
2024-11-19T19:57:40.189-06:00  INFO 3772 --- [           main] o.hibernate.jpa.internal.util.LogHelper  : HHH000204: Processing PersistenceUnitInfo [name: default]
2024-11-19T19:57:40.271-06:00  INFO 3772 --- [           main] org.hibernate.Version                    : HHH000412: Hibernate ORM core version 6.5.2.Final
2024-11-19T19:57:40.318-06:00  INFO 3772 --- [           main] o.h.c.internal.RegionFactoryInitiator    : HHH000026: Second-level cache disabled
2024-11-19T19:57:40.658-06:00  INFO 3772 --- [           main] o.s.o.j.p.SpringPersistenceUnitInfo      : No LoadTimeWeaver setup: ignoring JPA class transformer
2024-11-19T19:57:40.700-06:00  WARN 3772 --- [           main] org.hibernate.orm.deprecation            : HHH90000025: H2Dialect does not need to be specified explicitly using 'hibernate.dialect' (remove the property setting and it will be selected by default)
2024-11-19T19:57:41.541-06:00  INFO 3772 --- [           main] o.h.e.t.j.p.i.JtaPlatformInitiator       : HHH000489: No JTA platform available (set 'hibernate.transaction.jta.platform' to enable JTA platform integration)
Hibernate: alter table if exists loans alter column loan_id set data type bigint
Hibernate: alter table if exists loans alter column created_at set data type timestamp(6)
Hibernate: alter table if exists loans alter column created_by set data type varchar(255)
Hibernate: alter table if exists loans alter column updated_at set data type timestamp(6)
Hibernate: alter table if exists loans alter column updated_by set data type varchar(255)
Hibernate: alter table if exists loans alter column loan_number set data type varchar(255)
Hibernate: alter table if exists loans alter column loan_type set data type varchar(255)
Hibernate: alter table if exists loans alter column mobile_number set data type varchar(255)
2024-11-19T19:57:41.613-06:00  INFO 3772 --- [           main] j.LocalContainerEntityManagerFactoryBean : Initialized JPA EntityManagerFactory for persistence unit 'default'
2024-11-19T19:57:42.615-06:00  WARN 3772 --- [           main] JpaBaseConfiguration$JpaWebConfiguration : spring.jpa.open-in-view is enabled by default. Therefore, database queries may be performed during view rendering. Explicitly configure spring.jpa.open-in-view to disable this warning
2024-11-19T19:57:43.829-06:00  INFO 3772 --- [           main] o.s.b.a.h2.H2ConsoleAutoConfiguration    : H2 console available at '/h2-console'. Database available at 'jdbc:h2:mem:testdb'
2024-11-19T19:57:43.900-06:00  INFO 3772 --- [           main] o.s.b.a.e.web.EndpointLinksResolver      : Exposing 1 endpoint beneath base path '/actuator'
2024-11-19T19:57:44.011-06:00  INFO 3772 --- [           main] c.eazybytes.loans.LoansApplicationTests  : Started LoansApplicationTests in 7.352 seconds (process running for 8.539)
]]></system-out>
    <system-err><![CDATA[WARNING: A Java agent has been loaded dynamically (D:\xuzhi\localRepository\net\bytebuddy\byte-buddy-agent\1.14.18\byte-buddy-agent-1.14.18.jar)
WARNING: If a serviceability tool is in use, please run with -XX:+EnableDynamicAgentLoading to hide this warning
WARNING: If a serviceability tool is not in use, please run with -Djdk.instrument.traceUsage for more information
WARNING: Dynamic loading of agents will be disallowed by default in a future release
]]></system-err>
  </testcase>
</testsuite>